2024-01-08 12:18:52.094 [info] Extension host with pid 57274 started
2024-01-08 12:18:52.193 [info] ExtensionService#_doActivateExtension vscode.emmet, startup: false, activationEvent: 'onLanguage'
2024-01-08 12:18:52.357 [info] ExtensionService#_doActivateExtension vscode.git-base, startup: true, activationEvent: '*', root cause: vscode.git
2024-01-08 12:18:52.360 [info] ExtensionService#_doActivateExtension s-nlf-fh.glassit, startup: true, activationEvent: '*'
2024-01-08 12:18:52.514 [info] ExtensionService#_doActivateExtension vscode.git, startup: true, activationEvent: '*'
2024-01-08 12:18:52.552 [info] ExtensionService#_doActivateExtension vscode.github, startup: true, activationEvent: '*'
2024-01-08 12:18:52.647 [info] Eager extensions activated
2024-01-08 12:18:52.689 [info] ExtensionService#_doActivateExtension vscode.debug-auto-launch, startup: false, activationEvent: 'onStartupFinished'
2024-01-08 12:18:52.692 [info] ExtensionService#_doActivateExtension vscode.merge-conflict, startup: false, activationEvent: 'onStartupFinished'
2024-01-08 12:18:52.704 [info] ExtensionService#_doActivateExtension vscode.json-language-features, startup: false, activationEvent: 'onLanguage:jsonc'
2024-01-08 12:18:52.730 [info] ExtensionService#_doActivateExtension vscode.typescript-language-features, startup: false, activationEvent: 'onLanguage:jsonc'
2024-01-08 12:19:08.216 [info] Extension host terminating: renderer closed the MessagePort
2024-01-08 12:19:08.255 [info] Extension host with pid 57274 exiting with code 0
2024-01-08 12:19:09.455 [info] Extension host with pid 57756 started
2024-01-08 12:19:09.582 [info] ExtensionService#_doActivateExtension vscode.emmet, startup: false, activationEvent: 'onLanguage'
2024-01-08 12:19:09.679 [info] ExtensionService#_doActivateExtension vscode.git-base, startup: true, activationEvent: '*', root cause: vscode.git
2024-01-08 12:19:09.698 [info] ExtensionService#_doActivateExtension vscode.git, startup: true, activationEvent: '*'
2024-01-08 12:19:09.746 [info] ExtensionService#_doActivateExtension vscode.github, startup: true, activationEvent: '*'
2024-01-08 12:19:09.847 [info] Eager extensions activated
2024-01-08 12:19:09.882 [info] ExtensionService#_doActivateExtension vscode.debug-auto-launch, startup: false, activationEvent: 'onStartupFinished'
2024-01-08 12:19:09.886 [info] ExtensionService#_doActivateExtension vscode.merge-conflict, startup: false, activationEvent: 'onStartupFinished'
2024-01-08 12:19:31.619 [info] ExtensionService#_doActivateExtension skacekachna.win-opacity, startup: false, activationEvent: '*'
2024-01-08 12:19:31.630 [error] Activating extension skacekachna.win-opacity failed due to an error:
2024-01-08 12:19:31.630 [error] Error: /home/dhruv/.vscode/extensions/skacekachna.win-opacity-1.1.7/build/Release/win_opacity.node: invalid ELF header
	at process.func [as dlopen] (node:electron/js2c/asar_bundle:2:1869)
	at Module._extensions..node (node:internal/modules/cjs/loader:1401:18)
	at Object.func [as .node] (node:electron/js2c/asar_bundle:2:1869)
	at Module.load (node:internal/modules/cjs/loader:1171:32)
	at Module._load (node:internal/modules/cjs/loader:1012:12)
	at f._load (node:electron/js2c/asar_bundle:2:13377)
	at c._load (/usr/share/code/resources/app/out/vs/workbench/api/node/extensionHostProcess.js:171:5632)
	at n._load (/usr/share/code/resources/app/out/vs/workbench/api/node/extensionHostProcess.js:168:29551)
	at t._load (/usr/share/code/resources/app/out/vs/workbench/api/node/extensionHostProcess.js:133:35226)
	at Module.require (node:internal/modules/cjs/loader:1195:19)
	at h (/usr/share/code/resources/app/out/vs/loader.js:4:647)
	at Object.<anonymous> (/home/dhruv/.vscode/extensions/skacekachna.win-opacity-1.1.7/src/extension.js:2:16)
	at o._compile (/usr/share/code/resources/app/out/vs/loader.js:4:1271)
	at Module._extensions..js (node:internal/modules/cjs/loader:1371:10)
	at Module.load (node:internal/modules/cjs/loader:1171:32)
	at Module._load (node:internal/modules/cjs/loader:1012:12)
	at f._load (node:electron/js2c/asar_bundle:2:13377)
	at c._load (/usr/share/code/resources/app/out/vs/workbench/api/node/extensionHostProcess.js:171:5632)
	at n._load (/usr/share/code/resources/app/out/vs/workbench/api/node/extensionHostProcess.js:168:29551)
	at t._load (/usr/share/code/resources/app/out/vs/workbench/api/node/extensionHostProcess.js:133:35226)
	at Module.require (node:internal/modules/cjs/loader:1195:19)
	at require (node:internal/modules/cjs/helpers:110:18)
	at Function.i [as __$__nodeRequire] (/usr/share/code/resources/app/out/vs/loader.js:5:98)
	at f.vb (/usr/share/code/resources/app/out/vs/workbench/api/node/extensionHostProcess.js:168:30730)
	at async Promise.all (index 0)
2024-01-08 12:19:43.759 [info] Extension host terminating: renderer closed the MessagePort
2024-01-08 12:19:43.791 [info] Extension host with pid 57756 exiting with code 0
