2024-01-08 12:18:52.419 [warning] [cmake-tools]: Couldn't find message for key cmake-tools.configuration.cmake.options.advanced.statusBarVisibility.variant.description.
2024-01-08 12:19:06.408 [info] Uninstalling extension from the profile: s-nlf-fh.glassit@0.2.6 vscode-userdata:/home/dhruv/.vscode/extensions/extensions.json
2024-01-08 12:19:06.443 [info] Marked extension as uninstalled s-nlf-fh.glassit-0.2.6
2024-01-08 12:19:06.513 [error] [uncaught exception in sharedProcess]: Error: ENOENT: no such file or directory, stat '/home/dhruv/.vscode/extensions/extensions.json.vsctmp': EntryNotFound (FileSystemError): Error: ENOENT: no such file or directory, stat '/home/dhruv/.vscode/extensions/extensions.json.vsctmp'
    at r.create (/usr/share/code/resources/app/out/vs/code/node/sharedProcess/sharedProcessMain.js:51:30056)
    at a (/usr/share/code/resources/app/out/vs/code/node/sharedProcess/sharedProcessMain.js:51:30170)
    at s.fb (/usr/share/code/resources/app/out/vs/code/node/sharedProcess/sharedProcessMain.js:56:36175)
    at s.stat (/usr/share/code/resources/app/out/vs/code/node/sharedProcess/sharedProcessMain.js:56:28621)
    at async E.stat (/usr/share/code/resources/app/out/vs/code/node/sharedProcess/sharedProcessMain.js:56:15732)
    at async Y.tb (/usr/share/code/resources/app/out/vs/code/node/sharedProcess/sharedProcessMain.js:100:111319)
2024-01-08 12:19:06.787 [info] Successfully uninstalled extension from the profile s-nlf-fh.glassit@0.2.6 vscode-userdata:/home/dhruv/.vscode/extensions/extensions.json
2024-01-08 12:19:28.217 [info] Getting Manifest... skacekachna.win-opacity
2024-01-08 12:19:28.227 [info] Installing extension: skacekachna.win-opacity
2024-01-08 12:19:30.877 [info] Extension signature is verified: skacekachna.win-opacity
2024-01-08 12:19:31.448 [info] Extracted extension to file:///home/dhruv/.vscode/extensions/skacekachna.win-opacity-1.1.7: skacekachna.win-opacity
2024-01-08 12:19:31.457 [info] Renamed to /home/dhruv/.vscode/extensions/skacekachna.win-opacity-1.1.7
2024-01-08 12:19:31.461 [info] Extracting extension completed. skacekachna.win-opacity
2024-01-08 12:19:31.479 [info] Extension installed successfully: skacekachna.win-opacity
2024-01-08 12:19:31.550 [error] [uncaught exception in sharedProcess]: Error: ENOENT: no such file or directory, stat '/home/dhruv/.vscode/extensions/extensions.json.vsctmp': EntryNotFound (FileSystemError): Error: ENOENT: no such file or directory, stat '/home/dhruv/.vscode/extensions/extensions.json.vsctmp'
    at r.create (/usr/share/code/resources/app/out/vs/code/node/sharedProcess/sharedProcessMain.js:51:30056)
    at a (/usr/share/code/resources/app/out/vs/code/node/sharedProcess/sharedProcessMain.js:51:30170)
    at s.fb (/usr/share/code/resources/app/out/vs/code/node/sharedProcess/sharedProcessMain.js:56:36175)
    at s.stat (/usr/share/code/resources/app/out/vs/code/node/sharedProcess/sharedProcessMain.js:56:28621)
    at async E.stat (/usr/share/code/resources/app/out/vs/code/node/sharedProcess/sharedProcessMain.js:56:15732)
    at async Y.tb (/usr/share/code/resources/app/out/vs/code/node/sharedProcess/sharedProcessMain.js:100:111319)
