2024-01-08 12:18:51.462 [info] Added views:workbench.panel.markers.view in workbench.panel.markers
2024-01-08 12:18:51.462 [info] Added views:workbench.panel.output in workbench.panel.output
2024-01-08 12:18:51.462 [info] Added views:terminal in terminal
2024-01-08 12:18:51.462 [info] Added views:outline in workbench.view.explorer
2024-01-08 12:18:51.462 [info] Added views:workbench.scm in workbench.view.scm
2024-01-08 12:18:51.462 [info] Added views:workbench.view.search in workbench.view.search
2024-01-08 12:18:51.462 [info] Added views:timeline in workbench.view.explorer
2024-01-08 12:18:51.462 [info] Added views:workbench.explorer.emptyView in workbench.view.explorer
2024-01-08 12:18:51.724 [info] Added views:workbench.debug.welcome in workbench.view.debug
2024-01-08 12:18:52.200 [info] Added views:workbench.panel.repl.view in workbench.panel.repl
2024-01-08 12:18:52.587 [info] Added views:~remote.forwardedPorts in ~remote.forwardedPortsContainer
2024-01-08 12:18:58.616 [info] Added views:workbench.views.extensions.installed,workbench.views.extensions.popular,extensions.recommendedList in workbench.view.extensions
2024-01-08 12:18:58.623 [info] Removed views:workbench.views.extensions.popular from workbench.view.extensions
2024-01-08 12:19:08.794 [info] Added views:workbench.panel.markers.view in workbench.panel.markers
2024-01-08 12:19:08.794 [info] Added views:workbench.panel.output in workbench.panel.output
2024-01-08 12:19:08.794 [info] Added views:terminal in terminal
2024-01-08 12:19:08.794 [info] Added views:outline in workbench.view.explorer
2024-01-08 12:19:08.794 [info] Added views:workbench.scm in workbench.view.scm
2024-01-08 12:19:08.794 [info] Added views:workbench.view.search in workbench.view.search
2024-01-08 12:19:08.794 [info] Added views:timeline in workbench.view.explorer
2024-01-08 12:19:08.794 [info] Added views:workbench.explorer.emptyView in workbench.view.explorer
2024-01-08 12:19:08.976 [info] Added views:workbench.debug.welcome in workbench.view.debug
2024-01-08 12:19:09.584 [info] Added views:workbench.panel.repl.view in workbench.panel.repl
2024-01-08 12:19:10.060 [info] Added views:~remote.forwardedPorts in ~remote.forwardedPortsContainer
2024-01-08 12:19:10.249 [info] Added views:workbench.views.extensions.installed,workbench.views.extensions.popular,extensions.recommendedList in workbench.view.extensions
2024-01-08 12:19:23.280 [info] Removed views:extensions.recommendedList,workbench.views.extensions.popular,workbench.views.extensions.installed from workbench.view.extensions
2024-01-08 12:19:23.287 [info] Added views:workbench.views.extensions.marketplace in workbench.view.extensions
