2024-01-08 13:59:38.039 [info] Extension host with pid 110464 started
2024-01-08 13:59:38.072 [info] ExtensionService#_doActivateExtension vscode.emmet, startup: false, activationEvent: 'onLanguage'
2024-01-08 13:59:38.136 [info] ExtensionService#_doActivateExtension vscode.git-base, startup: true, activationEvent: '*'
2024-01-08 13:59:38.145 [info] ExtensionService#_doActivateExtension vscode.github, startup: true, activationEvent: '*'
2024-01-08 13:59:38.164 [info] Eager extensions activated
2024-01-08 13:59:38.167 [info] ExtensionService#_doActivateExtension vscode.debug-auto-launch, startup: false, activationEvent: 'onStartupFinished'
2024-01-08 13:59:38.168 [info] ExtensionService#_doActivateExtension vscode.merge-conflict, startup: false, activationEvent: 'onStartupFinished'
2024-01-08 14:04:59.152 [info] ExtensionService#_doActivateExtension vscode.git, startup: false, activationEvent: 'api', root cause: vscode.github
2024-01-08 14:05:13.193 [info] Extension host terminating: renderer closed the MessagePort
2024-01-08 14:05:13.204 [info] Extension host with pid 110464 exiting with code 0
2024-01-08 14:05:14.279 [info] Extension host with pid 116738 started
2024-01-08 14:05:14.287 [info] ExtensionService#_doActivateExtension vscode.emmet, startup: false, activationEvent: 'onLanguage'
2024-01-08 14:05:14.303 [info] ExtensionService#_doActivateExtension vscode.git-base, startup: true, activationEvent: '*', root cause: vscode.git
2024-01-08 14:05:14.305 [info] ExtensionService#_doActivateExtension formulahendry.auto-rename-tag, startup: true, activationEvent: '*'
2024-01-08 14:05:14.320 [info] ExtensionService#_doActivateExtension vscode.git, startup: true, activationEvent: '*'
2024-01-08 14:05:14.336 [info] ExtensionService#_doActivateExtension vscode.github, startup: true, activationEvent: '*'
2024-01-08 14:05:14.447 [info] Eager extensions activated
2024-01-08 14:05:14.449 [info] ExtensionService#_doActivateExtension vscode.debug-auto-launch, startup: false, activationEvent: 'onStartupFinished'
2024-01-08 14:05:14.450 [info] ExtensionService#_doActivateExtension vscode.merge-conflict, startup: false, activationEvent: 'onStartupFinished'
2024-01-08 14:05:14.454 [info] ExtensionService#_doActivateExtension alefragnani.project-manager, startup: false, activationEvent: 'onStartupFinished'
2024-01-08 14:05:14.460 [info] ExtensionService#_doActivateExtension dsznajder.es7-react-js-snippets, startup: false, activationEvent: 'onStartupFinished'
2024-01-08 14:05:14.605 [info] ExtensionService#_doActivateExtension eamodio.gitlens, startup: false, activationEvent: 'onStartupFinished'
2024-01-08 14:05:14.631 [info] ExtensionService#_doActivateExtension Equinusocio.vsc-material-theme, startup: false, activationEvent: 'onStartupFinished'
2024-01-08 14:05:14.635 [info] ExtensionService#_doActivateExtension equinusocio.vsc-material-theme-icons, startup: false, activationEvent: 'onStartupFinished'
2024-01-08 14:05:14.649 [info] ExtensionService#_doActivateExtension esbenp.prettier-vscode, startup: false, activationEvent: 'onStartupFinished'
2024-01-08 14:05:14.671 [info] ExtensionService#_doActivateExtension formulahendry.code-runner, startup: false, activationEvent: 'onStartupFinished'
2024-01-08 14:05:14.683 [info] ExtensionService#_doActivateExtension ms-vscode-remote.remote-containers, startup: false, activationEvent: 'onStartupFinished'
2024-01-08 14:05:14.710 [info] ExtensionService#_doActivateExtension ms-vscode-remote.remote-wsl, startup: false, activationEvent: 'onStartupFinished'
2024-01-08 14:05:14.716 [info] ExtensionService#_doActivateExtension PKief.material-icon-theme, startup: false, activationEvent: 'onStartupFinished'
2024-01-08 14:05:14.720 [info] ExtensionService#_doActivateExtension ritwickdey.LiveServer, startup: false, activationEvent: 'onStartupFinished'
2024-01-08 14:08:42.058 [info] Extension host terminating: renderer closed the MessagePort
2024-01-08 14:08:42.108 [error] Canceled: Canceled
    at new g (/usr/share/code/resources/app/out/vs/workbench/api/node/extensionHostProcess.js:141:110274)
    at l.U (/usr/share/code/resources/app/out/vs/workbench/api/node/extensionHostProcess.js:150:10866)
    at Proxy.P.<computed>.j.charCodeAt.P.<computed> (/usr/share/code/resources/app/out/vs/workbench/api/node/extensionHostProcess.js:150:8317)
    at d.g (/usr/share/code/resources/app/out/vs/workbench/api/node/extensionHostProcess.js:141:139555)
    at d.executeCommand (/usr/share/code/resources/app/out/vs/workbench/api/node/extensionHostProcess.js:141:138993)
    at p.registerCommand.description (/usr/share/code/resources/app/out/vs/workbench/api/node/extensionHostProcess.js:141:138317)
    at d.h (/usr/share/code/resources/app/out/vs/workbench/api/node/extensionHostProcess.js:141:140094)
    at d.g (/usr/share/code/resources/app/out/vs/workbench/api/node/extensionHostProcess.js:141:139086)
    at d.executeCommand (/usr/share/code/resources/app/out/vs/workbench/api/node/extensionHostProcess.js:141:138993)
    at Object.executeCommand (/usr/share/code/resources/app/out/vs/workbench/api/node/extensionHostProcess.js:158:21333)
    at w (/home/dhruv/.vscode/extensions/eamodio.gitlens-14.6.1/dist/gitlens.js:1077:40599)
    at h (/home/dhruv/.vscode/extensions/eamodio.gitlens-14.6.1/dist/gitlens.js:1077:45646)
    at ActionRunners._updateContextKeys (/home/dhruv/.vscode/extensions/eamodio.gitlens-14.6.1/dist/gitlens.js:663:17278)
    at s (/home/dhruv/.vscode/extensions/eamodio.gitlens-14.6.1/dist/gitlens.js:663:15722)
    at RegisteredActionRunner.unregister (/home/dhruv/.vscode/extensions/eamodio.gitlens-14.6.1/dist/gitlens.js:663:15865)
    at RegisteredActionRunner.dispose (/home/dhruv/.vscode/extensions/eamodio.gitlens-14.6.1/dist/gitlens.js:663:14518)
    at ActionRunners.dispose (/home/dhruv/.vscode/extensions/eamodio.gitlens-14.6.1/dist/gitlens.js:663:15305)
    at /home/dhruv/.vscode/extensions/eamodio.gitlens-14.6.1/dist/gitlens.js:1037:19246
    at Array.forEach (<anonymous>)
    at Object.dispose (/home/dhruv/.vscode/extensions/eamodio.gitlens-14.6.1/dist/gitlens.js:1037:19228)
    at s (/usr/share/code/resources/app/out/vs/workbench/api/node/extensionHostProcess.js:30:754)
    at f.cb (/usr/share/code/resources/app/out/vs/workbench/api/node/extensionHostProcess.js:154:9873)
    at /usr/share/code/resources/app/out/vs/workbench/api/node/extensionHostProcess.js:154:7808
    at Array.map (<anonymous>)
    at f.Y (/usr/share/code/resources/app/out/vs/workbench/api/node/extensionHostProcess.js:154:7795)
    at f.terminate (/usr/share/code/resources/app/out/vs/workbench/api/node/extensionHostProcess.js:154:8068)
    at s.terminate (/usr/share/code/resources/app/out/vs/workbench/api/node/extensionHostProcess.js:158:1513)
    at a (/usr/share/code/resources/app/out/vs/workbench/api/node/extensionHostProcess.js:171:9802)
    at MessagePortMain.<anonymous> (/usr/share/code/resources/app/out/vs/workbench/api/node/extensionHostProcess.js:171:6227)
    at MessagePortMain.emit (node:events:513:28)
    at Object.MessagePortMain._internalPort.emit (node:electron/js2c/utility_init:2:367) setContext undefined
2024-01-08 14:08:42.109 [error] Canceled: Canceled
    at new g (/usr/share/code/resources/app/out/vs/workbench/api/node/extensionHostProcess.js:141:110274)
    at l.U (/usr/share/code/resources/app/out/vs/workbench/api/node/extensionHostProcess.js:150:10866)
    at Proxy.P.<computed>.j.charCodeAt.P.<computed> (/usr/share/code/resources/app/out/vs/workbench/api/node/extensionHostProcess.js:150:8317)
    at d.g (/usr/share/code/resources/app/out/vs/workbench/api/node/extensionHostProcess.js:141:139555)
    at d.executeCommand (/usr/share/code/resources/app/out/vs/workbench/api/node/extensionHostProcess.js:141:138993)
    at p.registerCommand.description (/usr/share/code/resources/app/out/vs/workbench/api/node/extensionHostProcess.js:141:138317)
    at d.h (/usr/share/code/resources/app/out/vs/workbench/api/node/extensionHostProcess.js:141:140094)
    at d.g (/usr/share/code/resources/app/out/vs/workbench/api/node/extensionHostProcess.js:141:139086)
    at d.executeCommand (/usr/share/code/resources/app/out/vs/workbench/api/node/extensionHostProcess.js:141:138993)
    at Object.executeCommand (/usr/share/code/resources/app/out/vs/workbench/api/node/extensionHostProcess.js:158:21333)
    at w (/home/dhruv/.vscode/extensions/eamodio.gitlens-14.6.1/dist/gitlens.js:1077:40599)
    at h (/home/dhruv/.vscode/extensions/eamodio.gitlens-14.6.1/dist/gitlens.js:1077:45646)
    at ActionRunners._updateContextKeys (/home/dhruv/.vscode/extensions/eamodio.gitlens-14.6.1/dist/gitlens.js:663:17278)
    at s (/home/dhruv/.vscode/extensions/eamodio.gitlens-14.6.1/dist/gitlens.js:663:15722)
    at RegisteredActionRunner.unregister (/home/dhruv/.vscode/extensions/eamodio.gitlens-14.6.1/dist/gitlens.js:663:15865)
    at RegisteredActionRunner.dispose (/home/dhruv/.vscode/extensions/eamodio.gitlens-14.6.1/dist/gitlens.js:663:14518)
    at ActionRunners.dispose (/home/dhruv/.vscode/extensions/eamodio.gitlens-14.6.1/dist/gitlens.js:663:15305)
    at /home/dhruv/.vscode/extensions/eamodio.gitlens-14.6.1/dist/gitlens.js:1037:19246
    at Array.forEach (<anonymous>)
    at Object.dispose (/home/dhruv/.vscode/extensions/eamodio.gitlens-14.6.1/dist/gitlens.js:1037:19228)
    at s (/usr/share/code/resources/app/out/vs/workbench/api/node/extensionHostProcess.js:30:754)
    at f.cb (/usr/share/code/resources/app/out/vs/workbench/api/node/extensionHostProcess.js:154:9873)
    at /usr/share/code/resources/app/out/vs/workbench/api/node/extensionHostProcess.js:154:7808
    at Array.map (<anonymous>)
    at f.Y (/usr/share/code/resources/app/out/vs/workbench/api/node/extensionHostProcess.js:154:7795)
    at f.terminate (/usr/share/code/resources/app/out/vs/workbench/api/node/extensionHostProcess.js:154:8068)
    at s.terminate (/usr/share/code/resources/app/out/vs/workbench/api/node/extensionHostProcess.js:158:1513)
    at a (/usr/share/code/resources/app/out/vs/workbench/api/node/extensionHostProcess.js:171:9802)
    at MessagePortMain.<anonymous> (/usr/share/code/resources/app/out/vs/workbench/api/node/extensionHostProcess.js:171:6227)
    at MessagePortMain.emit (node:events:513:28)
    at Object.MessagePortMain._internalPort.emit (node:electron/js2c/utility_init:2:367) setContext undefined
2024-01-08 14:08:42.110 [error] Canceled: Canceled
    at new g (/usr/share/code/resources/app/out/vs/workbench/api/node/extensionHostProcess.js:141:110274)
    at l.U (/usr/share/code/resources/app/out/vs/workbench/api/node/extensionHostProcess.js:150:10866)
    at Proxy.P.<computed>.j.charCodeAt.P.<computed> (/usr/share/code/resources/app/out/vs/workbench/api/node/extensionHostProcess.js:150:8317)
    at d.g (/usr/share/code/resources/app/out/vs/workbench/api/node/extensionHostProcess.js:141:139555)
    at d.executeCommand (/usr/share/code/resources/app/out/vs/workbench/api/node/extensionHostProcess.js:141:138993)
    at p.registerCommand.description (/usr/share/code/resources/app/out/vs/workbench/api/node/extensionHostProcess.js:141:138317)
    at d.h (/usr/share/code/resources/app/out/vs/workbench/api/node/extensionHostProcess.js:141:140094)
    at d.g (/usr/share/code/resources/app/out/vs/workbench/api/node/extensionHostProcess.js:141:139086)
    at d.executeCommand (/usr/share/code/resources/app/out/vs/workbench/api/node/extensionHostProcess.js:141:138993)
    at Object.executeCommand (/usr/share/code/resources/app/out/vs/workbench/api/node/extensionHostProcess.js:158:21333)
    at w (/home/dhruv/.vscode/extensions/eamodio.gitlens-14.6.1/dist/gitlens.js:1077:40599)
    at h (/home/dhruv/.vscode/extensions/eamodio.gitlens-14.6.1/dist/gitlens.js:1077:45646)
    at ActionRunners._updateContextKeys (/home/dhruv/.vscode/extensions/eamodio.gitlens-14.6.1/dist/gitlens.js:663:17278)
    at s (/home/dhruv/.vscode/extensions/eamodio.gitlens-14.6.1/dist/gitlens.js:663:15722)
    at RegisteredActionRunner.unregister (/home/dhruv/.vscode/extensions/eamodio.gitlens-14.6.1/dist/gitlens.js:663:15865)
    at RegisteredActionRunner.dispose (/home/dhruv/.vscode/extensions/eamodio.gitlens-14.6.1/dist/gitlens.js:663:14518)
    at ActionRunners.dispose (/home/dhruv/.vscode/extensions/eamodio.gitlens-14.6.1/dist/gitlens.js:663:15305)
    at /home/dhruv/.vscode/extensions/eamodio.gitlens-14.6.1/dist/gitlens.js:1037:19246
    at Array.forEach (<anonymous>)
    at Object.dispose (/home/dhruv/.vscode/extensions/eamodio.gitlens-14.6.1/dist/gitlens.js:1037:19228)
    at s (/usr/share/code/resources/app/out/vs/workbench/api/node/extensionHostProcess.js:30:754)
    at f.cb (/usr/share/code/resources/app/out/vs/workbench/api/node/extensionHostProcess.js:154:9873)
    at /usr/share/code/resources/app/out/vs/workbench/api/node/extensionHostProcess.js:154:7808
    at Array.map (<anonymous>)
    at f.Y (/usr/share/code/resources/app/out/vs/workbench/api/node/extensionHostProcess.js:154:7795)
    at f.terminate (/usr/share/code/resources/app/out/vs/workbench/api/node/extensionHostProcess.js:154:8068)
    at s.terminate (/usr/share/code/resources/app/out/vs/workbench/api/node/extensionHostProcess.js:158:1513)
    at a (/usr/share/code/resources/app/out/vs/workbench/api/node/extensionHostProcess.js:171:9802)
    at MessagePortMain.<anonymous> (/usr/share/code/resources/app/out/vs/workbench/api/node/extensionHostProcess.js:171:6227)
    at MessagePortMain.emit (node:events:513:28)
    at Object.MessagePortMain._internalPort.emit (node:electron/js2c/utility_init:2:367) setContext undefined
2024-01-08 14:08:42.110 [info] Extension host with pid 116738 exiting with code 0
