2024-01-08 14:39:04.647 [info] Using settings sync service https://vscode-sync.trafficmanager.net/
2024-01-08 14:39:04.647 [info] Auto Sync is enabled.
2024-01-08 14:39:04.647 [info] Auto Sync: Suspended until auth token is available.
2024-01-08 14:39:06.167 [info] Deleting non existing profile from backup /home/dhruv/.config/Code/User/sync/extensions
2024-01-08 14:39:06.200 [info] Deleting non existing profile from backup /home/dhruv/.config/Code/User/sync/globalState
2024-01-08 14:39:06.220 [info] Deleting non existing profile from backup /home/dhruv/.config/Code/User/sync/keybindings
2024-01-08 14:39:06.255 [info] Deleting non existing profile from backup /home/dhruv/.config/Code/User/sync/profiles
2024-01-08 14:39:06.256 [info] Deleting non existing profile from backup /home/dhruv/.config/Code/User/sync/settings
2024-01-08 14:39:06.257 [info] Deleting non existing profile from backup /home/dhruv/.config/Code/User/sync/snippets
2024-01-08 14:39:06.259 [info] Deleting non existing profile from backup /home/dhruv/.config/Code/User/sync/tasks
2024-01-08 14:39:08.966 [info] Auto Sync: Triggered by Interval
2024-01-08 14:39:08.968 [info] Sync started.
2024-01-08 14:39:09.425 [info] Settings: Last sync resource does not exist locally.
2024-01-08 14:39:09.930 [info] GlobalState: Last sync resource does not exist locally.
2024-01-08 14:39:10.518 [info] Settings: Updated remote settings
2024-01-08 14:39:10.527 [info] Settings: Updated last synchronized settings
2024-01-08 14:39:10.529 [info] Keybindings: Last sync resource does not exist locally.
2024-01-08 14:39:10.685 [info] Keybindings: No changes found during synchronizing keybindings.
2024-01-08 14:39:10.687 [info] Snippets: Last sync resource does not exist locally.
2024-01-08 14:39:10.814 [info] Snippets: No changes found during synchronizing snippets.
2024-01-08 14:39:10.817 [info] Tasks: Last sync resource does not exist locally.
2024-01-08 14:39:10.934 [info] Tasks: No changes found during synchronizing tasks.
2024-01-08 14:39:12.381 [info] GlobalState: Updated remote ui state. Updated: colorThemeData,cpp.1.lastSessionDate,cpp.1.sessionCount,java.2.lastSessionDate,java.2.sessionCount,javascript.1.lastSessionDate,javascript.1.sessionCount,typescript.1.lastSessionDate,typescript.1.sessionCount,workbench.statusbar.hidden,csharp.1.lastSessionDate,csharp.1.sessionCount.
2024-01-08 14:39:12.390 [info] GlobalState: Updated last synchronized ui state
2024-01-08 14:39:12.396 [info] Extensions: Last sync resource does not exist locally.
2024-01-08 14:39:12.670 [info] Extensions: No changes found during synchronizing extensions.
2024-01-08 14:39:12.672 [info] Profiles: Last sync resource does not exist locally.
2024-01-08 14:39:12.802 [info] Profiles: No changes found during synchronizing profiles.
2024-01-08 14:39:12.810 [info] Syncing profile. Dhruv-VS_Code
2024-01-08 14:39:12.864 [info] Settings (Dhruv-VS_Code): No changes found during synchronizing settings.
2024-01-08 14:39:12.876 [info] Keybindings (Dhruv-VS_Code): No changes found during synchronizing keybindings.
2024-01-08 14:39:12.882 [info] Snippets (Dhruv-VS_Code): No changes found during synchronizing snippets.
2024-01-08 14:39:12.886 [info] Tasks (Dhruv-VS_Code): No changes found during synchronizing tasks.
2024-01-08 14:39:12.902 [info] GlobalState (Dhruv-VS_Code): No changes found during synchronizing ui state.
2024-01-08 14:39:13.050 [info] Extensions (Dhruv-VS_Code): No changes found during synchronizing extensions.
2024-01-08 14:39:13.052 [info] Sync done. Took 4088ms
2024-01-08 14:39:13.052 [info] Auto Sync: Triggered by Activity
2024-01-08 14:39:13.052 [info] Sync started.
2024-01-08 14:39:13.219 [info] Settings: No changes found during synchronizing settings.
2024-01-08 14:39:13.224 [info] Keybindings: No changes found during synchronizing keybindings.
2024-01-08 14:39:13.232 [info] Snippets: No changes found during synchronizing snippets.
2024-01-08 14:39:13.236 [info] Tasks: No changes found during synchronizing tasks.
2024-01-08 14:39:13.242 [info] GlobalState: No changes found during synchronizing ui state.
2024-01-08 14:39:13.376 [info] Extensions: No changes found during synchronizing extensions.
2024-01-08 14:39:13.377 [info] Profiles: No changes found during synchronizing profiles.
2024-01-08 14:39:13.379 [info] Syncing profile. Dhruv-VS_Code
2024-01-08 14:39:13.396 [info] Settings (Dhruv-VS_Code): No changes found during synchronizing settings.
2024-01-08 14:39:13.399 [info] Keybindings (Dhruv-VS_Code): No changes found during synchronizing keybindings.
2024-01-08 14:39:13.407 [info] Snippets (Dhruv-VS_Code): No changes found during synchronizing snippets.
2024-01-08 14:39:13.411 [info] Tasks (Dhruv-VS_Code): No changes found during synchronizing tasks.
2024-01-08 14:39:13.419 [info] GlobalState (Dhruv-VS_Code): No changes found during synchronizing ui state.
2024-01-08 14:39:13.581 [info] Extensions (Dhruv-VS_Code): No changes found during synchronizing extensions.
2024-01-08 14:39:13.583 [info] Sync done. Took 530ms
2024-01-08 14:39:34.487 [info] Auto Sync: Triggered by Activity
2024-01-08 14:39:34.489 [info] Sync started.
2024-01-08 14:39:34.676 [info] Settings: No changes found during synchronizing settings.
2024-01-08 14:39:34.716 [info] Keybindings: No changes found during synchronizing keybindings.
2024-01-08 14:39:34.732 [info] Snippets: No changes found during synchronizing snippets.
2024-01-08 14:39:34.737 [info] Tasks: No changes found during synchronizing tasks.
2024-01-08 14:39:34.743 [info] GlobalState: No changes found during synchronizing ui state.
2024-01-08 14:39:34.956 [info] Extensions: No changes found during synchronizing extensions.
2024-01-08 14:39:34.958 [info] Profiles: No changes found during synchronizing profiles.
2024-01-08 14:39:34.960 [info] Syncing profile. Dhruv-VS_Code
2024-01-08 14:39:34.983 [info] Settings (Dhruv-VS_Code): No changes found during synchronizing settings.
2024-01-08 14:39:34.988 [info] Keybindings (Dhruv-VS_Code): No changes found during synchronizing keybindings.
2024-01-08 14:39:34.996 [info] Snippets (Dhruv-VS_Code): No changes found during synchronizing snippets.
2024-01-08 14:39:35.001 [info] Tasks (Dhruv-VS_Code): No changes found during synchronizing tasks.
2024-01-08 14:39:35.016 [info] GlobalState (Dhruv-VS_Code): No changes found during synchronizing ui state.
2024-01-08 14:39:35.210 [info] Extensions (Dhruv-VS_Code): No changes found during synchronizing extensions.
2024-01-08 14:39:35.211 [info] Sync done. Took 725ms
