2024-01-08 14:46:43.910 [info] Using settings sync service https://vscode-sync.trafficmanager.net/
2024-01-08 14:46:43.910 [info] Auto Sync is enabled.
2024-01-08 14:46:43.911 [info] Auto Sync: Suspended until auth token is available.
2024-01-08 14:46:45.714 [info] Deleting non existing profile from backup /home/dhruv/.config/Code/User/sync/extensions
2024-01-08 14:46:45.719 [info] Deleting non existing profile from backup /home/dhruv/.config/Code/User/sync/globalState
2024-01-08 14:46:45.738 [info] Deleting non existing profile from backup /home/dhruv/.config/Code/User/sync/keybindings
2024-01-08 14:46:45.751 [info] Deleting non existing profile from backup /home/dhruv/.config/Code/User/sync/profiles
2024-01-08 14:46:45.778 [info] Deleting non existing profile from backup /home/dhruv/.config/Code/User/sync/settings
2024-01-08 14:46:45.779 [info] Deleting non existing profile from backup /home/dhruv/.config/Code/User/sync/snippets
2024-01-08 14:46:45.779 [info] Deleting non existing profile from backup /home/dhruv/.config/Code/User/sync/tasks
2024-01-08 14:46:47.534 [info] Auto Sync: Triggered by Interval
2024-01-08 14:46:47.535 [info] Sync started.
2024-01-08 14:46:47.961 [info] Settings: Last sync resource does not exist locally.
2024-01-08 14:46:48.172 [info] GlobalState: Last sync resource does not exist locally.
2024-01-08 14:46:48.271 [info] Settings: No changes found during synchronizing settings.
2024-01-08 14:46:48.274 [info] Keybindings: Last sync resource does not exist locally.
2024-01-08 14:46:48.663 [info] Keybindings: No changes found during synchronizing keybindings.
2024-01-08 14:46:48.666 [info] Snippets: Last sync resource does not exist locally.
2024-01-08 14:46:48.793 [info] Snippets: No changes found during synchronizing snippets.
2024-01-08 14:46:48.796 [info] Tasks: Last sync resource does not exist locally.
2024-01-08 14:46:48.905 [info] Tasks: No changes found during synchronizing tasks.
2024-01-08 14:46:50.376 [info] GlobalState: Updated remote ui state. Updated: workbench.statusbar.hidden.
2024-01-08 14:46:50.385 [info] GlobalState: Updated last synchronized ui state
2024-01-08 14:46:50.389 [info] Extensions: Last sync resource does not exist locally.
2024-01-08 14:46:50.609 [info] Extensions: No changes found during synchronizing extensions.
2024-01-08 14:46:50.610 [info] Profiles: Last sync resource does not exist locally.
2024-01-08 14:46:50.728 [info] Profiles: No changes found during synchronizing profiles.
2024-01-08 14:46:50.736 [info] Syncing profile. Dhruv-VS_Code
2024-01-08 14:46:50.767 [info] Settings (Dhruv-VS_Code): No changes found during synchronizing settings.
2024-01-08 14:46:50.779 [info] Keybindings (Dhruv-VS_Code): No changes found during synchronizing keybindings.
2024-01-08 14:46:50.790 [info] Snippets (Dhruv-VS_Code): No changes found during synchronizing snippets.
2024-01-08 14:46:50.795 [info] Tasks (Dhruv-VS_Code): No changes found during synchronizing tasks.
2024-01-08 14:46:50.811 [info] GlobalState (Dhruv-VS_Code): No changes found during synchronizing ui state.
2024-01-08 14:46:50.972 [info] Extensions (Dhruv-VS_Code): No changes found during synchronizing extensions.
2024-01-08 14:46:50.974 [info] Sync done. Took 3441ms
2024-01-08 14:46:50.974 [info] Auto Sync: Triggered by Activity
2024-01-08 14:46:50.974 [info] Sync started.
2024-01-08 14:46:51.099 [info] Settings: No changes found during synchronizing settings.
2024-01-08 14:46:51.105 [info] Keybindings: No changes found during synchronizing keybindings.
2024-01-08 14:46:51.112 [info] Snippets: No changes found during synchronizing snippets.
2024-01-08 14:46:51.117 [info] Tasks: No changes found during synchronizing tasks.
2024-01-08 14:46:51.122 [info] GlobalState: No changes found during synchronizing ui state.
2024-01-08 14:46:51.217 [info] Extensions: No changes found during synchronizing extensions.
2024-01-08 14:46:51.220 [info] Profiles: No changes found during synchronizing profiles.
2024-01-08 14:46:51.222 [info] Syncing profile. Dhruv-VS_Code
2024-01-08 14:46:51.233 [info] Settings (Dhruv-VS_Code): No changes found during synchronizing settings.
2024-01-08 14:46:51.237 [info] Keybindings (Dhruv-VS_Code): No changes found during synchronizing keybindings.
2024-01-08 14:46:51.243 [info] Snippets (Dhruv-VS_Code): No changes found during synchronizing snippets.
2024-01-08 14:46:51.247 [info] Tasks (Dhruv-VS_Code): No changes found during synchronizing tasks.
2024-01-08 14:46:51.255 [info] GlobalState (Dhruv-VS_Code): No changes found during synchronizing ui state.
2024-01-08 14:46:51.395 [info] Extensions (Dhruv-VS_Code): No changes found during synchronizing extensions.
2024-01-08 14:46:51.395 [info] Sync done. Took 421ms
2024-01-08 14:47:20.891 [info] Auto Sync: Triggered by Activity
2024-01-08 14:47:20.892 [info] Sync started.
2024-01-08 14:47:21.073 [info] Settings: No changes found during synchronizing settings.
2024-01-08 14:47:21.078 [info] Keybindings: No changes found during synchronizing keybindings.
2024-01-08 14:47:21.085 [info] Snippets: No changes found during synchronizing snippets.
2024-01-08 14:47:21.090 [info] Tasks: No changes found during synchronizing tasks.
2024-01-08 14:47:21.095 [info] GlobalState: No changes found during synchronizing ui state.
2024-01-08 14:47:21.234 [info] Extensions: No changes found during synchronizing extensions.
2024-01-08 14:47:21.237 [info] Profiles: No changes found during synchronizing profiles.
2024-01-08 14:47:21.238 [info] Syncing profile. Dhruv-VS_Code
2024-01-08 14:47:21.260 [info] Settings (Dhruv-VS_Code): No changes found during synchronizing settings.
2024-01-08 14:47:21.264 [info] Keybindings (Dhruv-VS_Code): No changes found during synchronizing keybindings.
2024-01-08 14:47:21.273 [info] Snippets (Dhruv-VS_Code): No changes found during synchronizing snippets.
2024-01-08 14:47:21.278 [info] Tasks (Dhruv-VS_Code): No changes found during synchronizing tasks.
2024-01-08 14:47:21.293 [info] GlobalState (Dhruv-VS_Code): No changes found during synchronizing ui state.
2024-01-08 14:47:21.465 [info] Extensions (Dhruv-VS_Code): No changes found during synchronizing extensions.
2024-01-08 14:47:21.467 [info] Sync done. Took 576ms
2024-01-08 14:47:51.312 [info] Auto Sync: Triggered by Activity
2024-01-08 14:47:51.313 [info] Sync started.
2024-01-08 14:47:51.466 [info] Settings: No changes found during synchronizing settings.
2024-01-08 14:47:51.470 [info] Keybindings: No changes found during synchronizing keybindings.
2024-01-08 14:47:51.477 [info] Snippets: No changes found during synchronizing snippets.
2024-01-08 14:47:51.482 [info] Tasks: No changes found during synchronizing tasks.
2024-01-08 14:47:51.486 [info] GlobalState: No changes found during synchronizing ui state.
2024-01-08 14:47:51.640 [info] Extensions: No changes found during synchronizing extensions.
2024-01-08 14:47:51.645 [info] Profiles: No changes found during synchronizing profiles.
2024-01-08 14:47:51.649 [info] Syncing profile. Dhruv-VS_Code
2024-01-08 14:47:51.673 [info] Settings (Dhruv-VS_Code): No changes found during synchronizing settings.
2024-01-08 14:47:51.679 [info] Keybindings (Dhruv-VS_Code): No changes found during synchronizing keybindings.
2024-01-08 14:47:51.685 [info] Snippets (Dhruv-VS_Code): No changes found during synchronizing snippets.
2024-01-08 14:47:51.689 [info] Tasks (Dhruv-VS_Code): No changes found during synchronizing tasks.
2024-01-08 14:47:51.698 [info] GlobalState (Dhruv-VS_Code): No changes found during synchronizing ui state.
2024-01-08 14:47:51.866 [info] Extensions (Dhruv-VS_Code): No changes found during synchronizing extensions.
2024-01-08 14:47:51.867 [info] Sync done. Took 557ms
2024-01-08 14:49:10.750 [info] Auto Sync: Triggered by Activity
2024-01-08 14:49:10.751 [info] Sync started.
2024-01-08 14:49:10.878 [info] Settings: No changes found during synchronizing settings.
2024-01-08 14:49:10.882 [info] Keybindings: No changes found during synchronizing keybindings.
2024-01-08 14:49:10.889 [info] Snippets: No changes found during synchronizing snippets.
2024-01-08 14:49:10.894 [info] Tasks: No changes found during synchronizing tasks.
2024-01-08 14:49:10.898 [info] GlobalState: No changes found during synchronizing ui state.
2024-01-08 14:49:11.008 [info] Extensions: No changes found during synchronizing extensions.
2024-01-08 14:49:11.011 [info] Profiles: No changes found during synchronizing profiles.
2024-01-08 14:49:11.014 [info] Syncing profile. Dhruv-VS_Code
2024-01-08 14:49:11.055 [info] Settings (Dhruv-VS_Code): No changes found during synchronizing settings.
2024-01-08 14:49:11.060 [info] Keybindings (Dhruv-VS_Code): No changes found during synchronizing keybindings.
2024-01-08 14:49:11.069 [info] Snippets (Dhruv-VS_Code): No changes found during synchronizing snippets.
2024-01-08 14:49:11.072 [info] Tasks (Dhruv-VS_Code): No changes found during synchronizing tasks.
2024-01-08 14:49:11.081 [info] GlobalState (Dhruv-VS_Code): No changes found during synchronizing ui state.
2024-01-08 14:49:11.236 [info] Extensions (Dhruv-VS_Code): No changes found during synchronizing extensions.
2024-01-08 14:49:11.238 [info] Sync done. Took 489ms
2024-01-08 14:50:51.712 [info] Auto Sync: Triggered by Activity
2024-01-08 14:50:51.712 [info] Sync started.
2024-01-08 14:50:51.860 [info] Settings: No changes found during synchronizing settings.
2024-01-08 14:50:51.867 [info] Keybindings: No changes found during synchronizing keybindings.
2024-01-08 14:50:51.874 [info] Snippets: No changes found during synchronizing snippets.
2024-01-08 14:50:51.878 [info] Tasks: No changes found during synchronizing tasks.
2024-01-08 14:50:51.884 [info] GlobalState: No changes found during synchronizing ui state.
2024-01-08 14:50:52.002 [info] Extensions: No changes found during synchronizing extensions.
2024-01-08 14:50:52.006 [info] Profiles: No changes found during synchronizing profiles.
2024-01-08 14:50:52.007 [info] Syncing profile. Dhruv-VS_Code
2024-01-08 14:50:52.022 [info] Settings (Dhruv-VS_Code): No changes found during synchronizing settings.
2024-01-08 14:50:52.025 [info] Keybindings (Dhruv-VS_Code): No changes found during synchronizing keybindings.
2024-01-08 14:50:52.031 [info] Snippets (Dhruv-VS_Code): No changes found during synchronizing snippets.
2024-01-08 14:50:52.036 [info] Tasks (Dhruv-VS_Code): No changes found during synchronizing tasks.
2024-01-08 14:50:52.048 [info] GlobalState (Dhruv-VS_Code): No changes found during synchronizing ui state.
2024-01-08 14:50:52.223 [info] Extensions (Dhruv-VS_Code): No changes found during synchronizing extensions.
2024-01-08 14:50:52.224 [info] Sync done. Took 513ms
2024-01-08 14:51:35.830 [info] Auto Sync: Triggered by Activity
2024-01-08 14:51:35.831 [info] Sync started.
2024-01-08 14:51:35.983 [info] Settings: No changes found during synchronizing settings.
2024-01-08 14:51:35.990 [info] Keybindings: No changes found during synchronizing keybindings.
2024-01-08 14:51:36.000 [info] Snippets: No changes found during synchronizing snippets.
2024-01-08 14:51:36.006 [info] Tasks: No changes found during synchronizing tasks.
2024-01-08 14:51:36.010 [info] GlobalState: No changes found during synchronizing ui state.
2024-01-08 14:51:36.169 [info] Extensions: No changes found during synchronizing extensions.
2024-01-08 14:51:36.172 [info] Profiles: No changes found during synchronizing profiles.
2024-01-08 14:51:36.174 [info] Syncing profile. Dhruv-VS_Code
2024-01-08 14:51:36.195 [info] Settings (Dhruv-VS_Code): No changes found during synchronizing settings.
2024-01-08 14:51:36.200 [info] Keybindings (Dhruv-VS_Code): No changes found during synchronizing keybindings.
2024-01-08 14:51:36.208 [info] Snippets (Dhruv-VS_Code): No changes found during synchronizing snippets.
2024-01-08 14:51:36.211 [info] Tasks (Dhruv-VS_Code): No changes found during synchronizing tasks.
2024-01-08 14:51:36.222 [info] GlobalState (Dhruv-VS_Code): No changes found during synchronizing ui state.
2024-01-08 14:51:36.438 [info] Extensions (Dhruv-VS_Code): No changes found during synchronizing extensions.
2024-01-08 14:51:36.441 [info] Sync done. Took 610ms
