2024-01-08 14:20:15.108 [info] Reading sessions from keychain...
2024-01-08 14:20:15.108 [info] Getting sessions for all scopes...
2024-01-08 14:20:15.108 [info] Got 0 sessions for ...
2024-01-08 14:20:15.108 [info] Getting sessions for all scopes...
2024-01-08 14:20:15.108 [info] Got 0 sessions for ...
2024-01-08 14:20:15.108 [info] Getting sessions for user:email...
2024-01-08 14:20:15.108 [info] Got 0 sessions for user:email...
2024-01-08 14:20:15.111 [info] Getting sessions for all scopes...
2024-01-08 14:20:15.111 [info] Got 0 sessions for ...
2024-01-08 14:20:16.824 [info] Logging in for the following scopes: user:email
2024-01-08 14:20:16.827 [info] Trying without local server... (user:email)
2024-01-08 14:22:52.968 [error] User Cancelled
2024-01-08 14:23:01.219 [info] Getting sessions for user:email...
2024-01-08 14:23:01.219 [info] Got 0 sessions for user:email...
2024-01-08 14:23:02.817 [info] Logging in for the following scopes: user:email
2024-01-08 14:23:02.829 [info] Trying without local server... (user:email)
2024-01-08 14:23:05.680 [info] Exchanging code for token...
2024-01-08 14:23:06.176 [info] Token exchange success!
2024-01-08 14:23:06.180 [info] Getting user info...
2024-01-08 14:23:06.671 [info] Got account info!
2024-01-08 14:23:06.672 [info] Storing 1 sessions...
2024-01-08 14:23:10.116 [info] Reading sessions from keychain...
2024-01-08 14:23:10.116 [info] Stored 1 sessions!
2024-01-08 14:23:10.116 [info] Login success!
2024-01-08 14:23:10.142 [info] Got stored sessions!
2024-01-08 14:23:10.142 [info] Got 1 verified sessions.
2024-01-08 14:23:19.466 [error] Canceled
2024-01-08 14:23:19.466 [error] Canceled
2024-01-08 14:23:19.466 [error] Error: No auth flow succeeded.
	at a.GitHubServer.login (/usr/share/code/resources/app/extensions/github-authentication/dist/extension.js:2:260022)
	at async a.GitHubAuthenticationProvider.createSession (/usr/share/code/resources/app/extensions/github-authentication/dist/extension.js:2:256495)
2024-01-08 14:23:20.908 [info] Reading sessions from keychain...
2024-01-08 14:23:20.909 [info] Getting sessions for all scopes...
2024-01-08 14:23:20.909 [info] Got stored sessions!
2024-01-08 14:23:20.909 [info] Got 1 verified sessions.
2024-01-08 14:23:20.909 [info] Got 1 sessions for ...
2024-01-08 14:23:20.909 [info] Getting sessions for all scopes...
2024-01-08 14:23:20.909 [info] Got 1 sessions for ...
2024-01-08 14:23:20.909 [info] Getting sessions for all scopes...
2024-01-08 14:23:20.909 [info] Got 1 sessions for ...
2024-01-08 14:23:21.624 [info] Getting sessions for all scopes...
2024-01-08 14:23:21.624 [info] Got 1 sessions for ...
2024-01-08 14:23:29.249 [info] Getting sessions for user:email...
2024-01-08 14:23:29.249 [info] Got 1 sessions for user:email...
2024-01-08 14:25:54.980 [info] Reading sessions from keychain...
2024-01-08 14:25:54.980 [info] Getting sessions for all scopes...
2024-01-08 14:25:54.980 [info] Got stored sessions!
2024-01-08 14:25:54.980 [info] Got 1 verified sessions.
2024-01-08 14:25:54.980 [info] Got 1 sessions for ...
2024-01-08 14:25:54.980 [info] Getting sessions for all scopes...
2024-01-08 14:25:54.980 [info] Got 1 sessions for ...
2024-01-08 14:25:55.522 [info] Getting sessions for all scopes...
2024-01-08 14:25:55.522 [info] Got 1 sessions for ...
2024-01-08 14:25:56.984 [info] Getting sessions for read:user...
2024-01-08 14:25:56.984 [info] Got 0 sessions for read:user...
2024-01-08 14:25:57.012 [info] Getting sessions for user:email...
2024-01-08 14:25:57.012 [info] Got 1 sessions for user:email...
